Using pre-set license
Built from '2020.3/staging' branch; Version is '2020.3.0f1 (c7b5465681fb) revision 13088070'; Using compiler version '192528614'; Build Type 'Release'
OS: 'Windows 10 Pro; OS build 19042.1052; Version 2009; 64bit' Language: 'ru' Physical Memory: 16200 MB
BatchMode: 1, IsHumanControllingUs: 0, StartBugReporterOnCrash: 0, Is64bit: 1, IsPro: 0

 COMMAND LINE ARGUMENTS:
C:\Program Files\Unity\Hub\Editor\2020.3.0f1\Editor\Unity.exe
-adb2
-batchMode
-noUpm
-name
AssetImportWorker0
-projectPath
C:/Users/User/Documents/GitHub/space-run-2d/space run
-logFile
Logs/AssetImportWorker0.log
-srvPort
57429
Successfully changed project path to: C:/Users/User/Documents/GitHub/space-run-2d/space run
C:/Users/User/Documents/GitHub/space-run-2d/space run
Using Asset Import Pipeline V2.
Refreshing native plugins compatible for Editor in 27.99 ms, found 1 plugins.
Preloading 0 native plugins for Editor in 0.00 ms.
Initialize engine version: 2020.3.0f1 (c7b5465681fb)
[Subsystems] Discovering subsystems at path C:/Program Files/Unity/Hub/Editor/2020.3.0f1/Editor/Data/Resources/UnitySubsystems
[Subsystems] Discovering subsystems at path C:/Users/User/Documents/GitHub/space-run-2d/space run/Assets
GfxDevice: creating device client; threaded=0
Direct3D:
    Version:  Direct3D 11.0 [level 11.1]
    Renderer: NVIDIA GeForce GTX 1660 Ti (ID=0x2191)
    Vendor:   
    VRAM:     5991 MB
    Driver:   27.21.14.6589
Initialize mono
Mono path[0] = 'C:/Program Files/Unity/Hub/Editor/2020.3.0f1/Editor/Data/Managed'
Mono path[1] = 'C:/Program Files/Unity/Hub/Editor/2020.3.0f1/Editor/Data/MonoBleedingEdge/lib/mono/unityjit'
Mono config path = 'C:/Program Files/Unity/Hub/Editor/2020.3.0f1/Editor/Data/MonoBleedingEdge/etc'
Using monoOptions --debugger-agent=transport=dt_socket,embedding=1,server=y,suspend=n,address=127.0.0.1:56804
Begin MonoManager ReloadAssembly
Registering precompiled unity dll's ...
Register platform support module: C:/Program Files/Unity/Hub/Editor/2020.3.0f1/Editor/Data/PlaybackEngines/WebGLSupport/UnityEditor.WebGL.Extensions.dll
Register platform support module: C:/Program Files/Unity/Hub/Editor/2020.3.0f1/Editor/Data/PlaybackEngines/WindowsStandaloneSupport/UnityEditor.WindowsStandalone.Extensions.dll
Registered in 0.001144 seconds.
Native extension for WindowsStandalone target not found
Native extension for WebGL target not found
Refreshing native plugins compatible for Editor in 28.87 ms, found 1 plugins.
Preloading 0 native plugins for Editor in 0.00 ms.
Invoked RoslynAnalysisRunner static constructor.
RoslynAnalysisRunner will not be running.
RoslynAnalysisRunner has terminated.
Mono: successfully reloaded assembly
- Completed reload, in  0.848 seconds
Platform modules already initialized, skipping
Registering precompiled user dll's ...
Registered in 0.000530 seconds.
Begin MonoManager ReloadAssembly
Native extension for WindowsStandalone target not found
Native extension for WebGL target not found
Refreshing native plugins compatible for Editor in 30.06 ms, found 1 plugins.
Preloading 0 native plugins for Editor in 0.00 ms.
Invoked RoslynAnalysisRunner static constructor.
RoslynAnalysisRunner will not be running.
RoslynAnalysisRunner has terminated.
Mono: successfully reloaded assembly
- Completed reload, in  0.737 seconds
Platform modules already initialized, skipping
========================================================================
Worker process is ready to serve import requests
Launched and connected shader compiler UnityShaderCompiler.exe after 0.03 seconds
Refreshing native plugins compatible for Editor in 0.30 ms, found 1 plugins.
Preloading 0 native plugins for Editor in 0.00 ms.
Unloading 1821 Unused Serialized files (Serialized files now loaded: 0)
System memory in use before: 84.8 MB.
System memory in use after: 84.8 MB.

Unloading 24 unused Assets to reduce memory usage. Loaded Objects now: 2263.
Total: 2.227300 ms (FindLiveObjects: 0.240900 ms CreateObjectMapping: 0.167400 ms MarkObjects: 1.681900 ms  DeleteObjects: 0.136400 ms)

========================================================================
Received Import Request.
  path: Assets/Scenes 1
  artifactKey: Guid(bbbc74fad6ed1d243aee6102298f428b) Importer(815301076,1909f56bfc062723c751e8b465ee728b)
Start importing Assets/Scenes 1 using Guid(bbbc74fad6ed1d243aee6102298f428b) Importer(815301076,1909f56bfc062723c751e8b465ee728b)  -> (artifact id: '1e79eb1cb00ae5b23e56c9311bd792f4') in 0.009055 seconds
  Import took 0.011642 seconds .

========================================================================
Received Import Request.
  Time since last request: 1.539567 seconds.
  path: Assets/Scenes
  artifactKey: Guid(1a01e183fc53dc343869674d8e68e03c) Importer(815301076,1909f56bfc062723c751e8b465ee728b)
Start importing Assets/Scenes using Guid(1a01e183fc53dc343869674d8e68e03c) Importer(815301076,1909f56bfc062723c751e8b465ee728b)  -> (artifact id: '75e167c03aa19a7119c2f4fe25669318') in 0.008437 seconds
  Import took 0.011170 seconds .

========================================================================
Received Prepare
Registering precompiled user dll's ...
Registered in 0.000565 seconds.
Begin MonoManager ReloadAssembly
Native extension for WindowsStandalone target not found
Native extension for WebGL target not found
Refreshing native plugins compatible for Editor in 0.32 ms, found 1 plugins.
Preloading 0 native plugins for Editor in 0.00 ms.
Invoked RoslynAnalysisRunner static constructor.
RoslynAnalysisRunner will not be running.
RoslynAnalysisRunner has terminated.
Mono: successfully reloaded assembly
- Completed reload, in  0.717 seconds
Platform modules already initialized, skipping
Switching build target platform(5) subTarget(0) extendedPlatform(0) -> platform(13) subTarget(537395200) extendedPlatform(0)
Refreshing native plugins compatible for Editor in 0.42 ms, found 1 plugins.
Preloading 0 native plugins for Editor in 0.00 ms.
Unloading 1820 Unused Serialized files (Serialized files now loaded: 0)
System memory in use before: 84.9 MB.
System memory in use after: 84.9 MB.

Unloading 12 unused Assets to reduce memory usage. Loaded Objects now: 2267.
Total: 1.833600 ms (FindLiveObjects: 0.201900 ms CreateObjectMapping: 0.074300 ms MarkObjects: 1.466400 ms  DeleteObjects: 0.090100 ms)

AssetImportParameters requested are different than current active one (requested -> active):
  custom:graphics/normal-map-encoding: 01000000000000000000000000000000 -> 02000000000000000000000000000000
========================================================================
Received Prepare
Refreshing native plugins compatible for Editor in 1.79 ms, found 1 plugins.
Preloading 0 native plugins for Editor in 0.00 ms.
Unloading 10 Unused Serialized files (Serialized files now loaded: 0)
System memory in use before: 49.1 MB.
System memory in use after: 49.1 MB.

Unloading 10 unused Assets to reduce memory usage. Loaded Objects now: 2267.
Total: 1.774800 ms (FindLiveObjects: 0.221600 ms CreateObjectMapping: 0.077600 ms MarkObjects: 1.382900 ms  DeleteObjects: 0.091700 ms)

========================================================================
Received Prepare
Refreshing native plugins compatible for Editor in 1.17 ms, found 1 plugins.
Preloading 0 native plugins for Editor in 0.00 ms.
Unloading 10 Unused Serialized files (Serialized files now loaded: 0)
System memory in use before: 49.1 MB.
System memory in use after: 49.1 MB.

Unloading 10 unused Assets to reduce memory usage. Loaded Objects now: 2267.
Total: 1.948800 ms (FindLiveObjects: 0.205700 ms CreateObjectMapping: 0.078300 ms MarkObjects: 1.576100 ms  DeleteObjects: 0.087900 ms)

========================================================================
Received Import Request.
  Time since last request: 98.023223 seconds.
  path: Assets/Scripts
  artifactKey: Guid(659c103a5b033dc48bf9d5be0dab66ca) Importer(815301076,1909f56bfc062723c751e8b465ee728b)
Start importing Assets/Scripts using Guid(659c103a5b033dc48bf9d5be0dab66ca) Importer(815301076,1909f56bfc062723c751e8b465ee728b)  -> (artifact id: '424b393e89b09379445056a95ba90997') in 0.005593 seconds
  Import took 0.008291 seconds .

========================================================================
Received Import Request.
  Time since last request: 0.003529 seconds.
  path: Assets/Scripts
  artifactKey: Guid(659c103a5b033dc48bf9d5be0dab66ca) Importer(815301076,1909f56bfc062723c751e8b465ee728b)
Start importing Assets/Scripts using Guid(659c103a5b033dc48bf9d5be0dab66ca) Importer(815301076,1909f56bfc062723c751e8b465ee728b)  -> (artifact id: '424b393e89b09379445056a95ba90997') in 0.001683 seconds
  Import took 0.004360 seconds .

========================================================================
Received Import Request.
  Time since last request: 1.880080 seconds.
  path: Assets/Sprites
  artifactKey: Guid(5e26500812942794eb62dab823a803b0) Importer(815301076,1909f56bfc062723c751e8b465ee728b)
Start importing Assets/Sprites using Guid(5e26500812942794eb62dab823a803b0) Importer(815301076,1909f56bfc062723c751e8b465ee728b)  -> (artifact id: 'b4023703485b4a98d9da19dae4926fb1') in 0.008751 seconds
  Import took 0.012219 seconds .

========================================================================
Received Import Request.
  Time since last request: 0.392214 seconds.
  path: Assets/Sprites/American FLag.png
  artifactKey: Guid(4c430d701b530194a90ff8ad04260bf7) Importer(815301076,1909f56bfc062723c751e8b465ee728b)
Start importing Assets/Sprites/American FLag.png using Guid(4c430d701b530194a90ff8ad04260bf7) Importer(815301076,1909f56bfc062723c751e8b465ee728b)  -> (artifact id: '5f1f19fe7a44c53024e13a796a373d06') in 0.078869 seconds
  Import took 0.082345 seconds .

========================================================================
Received Import Request.
  Time since last request: 0.000185 seconds.
  path: Assets/Sprites/Bullet_sprite.png
  artifactKey: Guid(78baae34caef6cd459be18904a79a73e) Importer(815301076,1909f56bfc062723c751e8b465ee728b)
Start importing Assets/Sprites/Bullet_sprite.png using Guid(78baae34caef6cd459be18904a79a73e) Importer(815301076,1909f56bfc062723c751e8b465ee728b)  -> (artifact id: '29d40270ce9322867a3bbe1deefe2825') in 0.025268 seconds
  Import took 0.027479 seconds .

========================================================================
Received Import Request.
  Time since last request: 0.000112 seconds.
  path: Assets/Sprites/Player3.png
  artifactKey: Guid(3763b8b62fad460428b10b78d149d7cd) Importer(815301076,1909f56bfc062723c751e8b465ee728b)
Start importing Assets/Sprites/Player3.png using Guid(3763b8b62fad460428b10b78d149d7cd) Importer(815301076,1909f56bfc062723c751e8b465ee728b)  -> (artifact id: 'a53eb8b18324e33b9a899c4d1a3d6e9f') in 0.012991 seconds
  Import took 0.015439 seconds .

========================================================================
Received Import Request.
  Time since last request: 0.000141 seconds.
  path: Assets/Sprites/star_sprite.png
  artifactKey: Guid(f0c344c2661c039408109bcce72ef34c) Importer(815301076,1909f56bfc062723c751e8b465ee728b)
Start importing Assets/Sprites/star_sprite.png using Guid(f0c344c2661c039408109bcce72ef34c) Importer(815301076,1909f56bfc062723c751e8b465ee728b)  -> (artifact id: '743782a9b19fcec22b150fab4cd4fab8') in 0.037900 seconds
  Import took 0.040720 seconds .

========================================================================
Received Import Request.
  Time since last request: 0.000205 seconds.
  path: Assets/Sprites/ui_sprite (1).png
  artifactKey: Guid(59723100208775d4b9a557d9e70ef9a5) Importer(815301076,1909f56bfc062723c751e8b465ee728b)
Start importing Assets/Sprites/ui_sprite (1).png using Guid(59723100208775d4b9a557d9e70ef9a5) Importer(815301076,1909f56bfc062723c751e8b465ee728b)  -> (artifact id: 'a5cecf9b9cbf1e5c99700fb8cb667115') in 0.015182 seconds
  Import took 0.017817 seconds .

========================================================================
Received Import Request.
  Time since last request: 0.000149 seconds.
  path: Assets/Sprites/Russian Flag.png
  artifactKey: Guid(4d07a7d0064f518429c343382db5027b) Importer(815301076,1909f56bfc062723c751e8b465ee728b)
Start importing Assets/Sprites/Russian Flag.png using Guid(4d07a7d0064f518429c343382db5027b) Importer(815301076,1909f56bfc062723c751e8b465ee728b)  -> (artifact id: 'cb6242911417bde722c39fb3c19c7705') in 0.014775 seconds
  Import took 0.017759 seconds .

========================================================================
Received Import Request.
  Time since last request: 0.000169 seconds.
  path: Assets/Sprites/Player2.png
  artifactKey: Guid(3f8e7182b229c9249935661144b82d15) Importer(815301076,1909f56bfc062723c751e8b465ee728b)
Start importing Assets/Sprites/Player2.png using Guid(3f8e7182b229c9249935661144b82d15) Importer(815301076,1909f56bfc062723c751e8b465ee728b)  -> (artifact id: '1c06f931ff8f554b292a0aee0d3a15be') in 0.009014 seconds
  Import took 0.011859 seconds .

========================================================================
Received Import Request.
  Time since last request: 0.000137 seconds.
  path: Assets/Sprites/prepyatstviya.png
  artifactKey: Guid(effa1fd5891dfc547b4dc27c543a7d7d) Importer(815301076,1909f56bfc062723c751e8b465ee728b)
Start importing Assets/Sprites/prepyatstviya.png using Guid(effa1fd5891dfc547b4dc27c543a7d7d) Importer(815301076,1909f56bfc062723c751e8b465ee728b)  -> (artifact id: 'd364261ba4c19de3ebce9611c3585fb8') in 0.029359 seconds
  Import took 0.032006 seconds .

========================================================================
Received Import Request.
  Time since last request: 0.000155 seconds.
  path: Assets/Sprites/planet_sprite 1.png
  artifactKey: Guid(3d9b5f3f6063b2c4bb8bc35fd76ec52a) Importer(815301076,1909f56bfc062723c751e8b465ee728b)
Start importing Assets/Sprites/planet_sprite 1.png using Guid(3d9b5f3f6063b2c4bb8bc35fd76ec52a) Importer(815301076,1909f56bfc062723c751e8b465ee728b)  -> (artifact id: '29f66c7002356d2a706681410d4457ca') in 0.011566 seconds
  Import took 0.014199 seconds .

========================================================================
Received Import Request.
  Time since last request: 0.000123 seconds.
  path: Assets/Sprites/planet_sprite.png
  artifactKey: Guid(c7b3e4506374b9a46a1e2fa1d7ee6c09) Importer(815301076,1909f56bfc062723c751e8b465ee728b)
Start importing Assets/Sprites/planet_sprite.png using Guid(c7b3e4506374b9a46a1e2fa1d7ee6c09) Importer(815301076,1909f56bfc062723c751e8b465ee728b)  -> (artifact id: '95bc3f95eee052f40bc83008edce0e0b') in 0.025132 seconds
  Import took 0.027919 seconds .

========================================================================
Received Import Request.
  Time since last request: 0.000118 seconds.
  path: Assets/Sprites/Player1.png
  artifactKey: Guid(5ffdab4ce0aeeff449f23d60ea57c44e) Importer(815301076,1909f56bfc062723c751e8b465ee728b)
Start importing Assets/Sprites/Player1.png using Guid(5ffdab4ce0aeeff449f23d60ea57c44e) Importer(815301076,1909f56bfc062723c751e8b465ee728b)  -> (artifact id: 'e95542b1b67f2b39b42d7541c509844c') in 0.008325 seconds
  Import took 0.010906 seconds .

========================================================================
Received Import Request.
  Time since last request: 0.000137 seconds.
  path: Assets/Sprites/Player.png
  artifactKey: Guid(c8a70dcde23f26444b6b287ca0d93d5d) Importer(815301076,1909f56bfc062723c751e8b465ee728b)
Start importing Assets/Sprites/Player.png using Guid(c8a70dcde23f26444b6b287ca0d93d5d) Importer(815301076,1909f56bfc062723c751e8b465ee728b)  -> (artifact id: 'afa4829b12fbf0525503029a1fe509bf') in 0.010106 seconds
  Import took 0.012674 seconds .

========================================================================
Received Import Request.
  Time since last request: 0.000153 seconds.
  path: Assets/Sprites/money_sprite.png
  artifactKey: Guid(1ca9ec028c8a33b43aa3f32aab62a27e) Importer(815301076,1909f56bfc062723c751e8b465ee728b)
Start importing Assets/Sprites/money_sprite.png using Guid(1ca9ec028c8a33b43aa3f32aab62a27e) Importer(815301076,1909f56bfc062723c751e8b465ee728b)  -> (artifact id: '936b66a8a8e4ff3261a7649bb627101c') in 0.020041 seconds
  Import took 0.023267 seconds .

========================================================================
Received Import Request.
  Time since last request: 18.493026 seconds.
  path: Assets/Materials
  artifactKey: Guid(016f8367908d9284185ce1ffb90bb03b) Importer(815301076,1909f56bfc062723c751e8b465ee728b)
Start importing Assets/Materials using Guid(016f8367908d9284185ce1ffb90bb03b) Importer(815301076,1909f56bfc062723c751e8b465ee728b)  -> (artifact id: 'fab1eb3f91d6b58d6d55a12e7e928930') in 0.006384 seconds
  Import took 0.010000 seconds .

========================================================================
Received Import Request.
  Time since last request: 0.045502 seconds.
  path: Assets/Materials/Background.mat
  artifactKey: Guid(ecc7b0eb08fd50c4ca6771d8143f33b1) Importer(815301076,1909f56bfc062723c751e8b465ee728b)
Start importing Assets/Materials/Background.mat using Guid(ecc7b0eb08fd50c4ca6771d8143f33b1) Importer(815301076,1909f56bfc062723c751e8b465ee728b)  -> (artifact id: '7634f9c65d23a91dd01f7c2b51fd3618') in 0.166652 seconds
  Import took 0.169325 seconds .

========================================================================
Received Import Request.
  Time since last request: 0.000211 seconds.
  path: Assets/Materials/blue_background.png
  artifactKey: Guid(572cb28a43383824f8e2ee6017fed5dc) Importer(815301076,1909f56bfc062723c751e8b465ee728b)
Start importing Assets/Materials/blue_background.png using Guid(572cb28a43383824f8e2ee6017fed5dc) Importer(815301076,1909f56bfc062723c751e8b465ee728b)  -> (artifact id: '000e51b8b4dd0fae4127b343468cb5a5') in 0.025792 seconds
  Import took 0.028374 seconds .

========================================================================
Received Import Request.
  Time since last request: 3.178479 seconds.
  path: Assets/Prefabs/Bullet.prefab
  artifactKey: Guid(c54b7079ed36ca24d94e4c96f0a27586) Importer(815301076,1909f56bfc062723c751e8b465ee728b)
Start importing Assets/Prefabs/Bullet.prefab using Guid(c54b7079ed36ca24d94e4c96f0a27586) Importer(815301076,1909f56bfc062723c751e8b465ee728b)  -> (artifact id: 'f02011b2b7e8d661d8fad6b5be9ef616') in 0.019098 seconds
  Import took 0.022153 seconds .

========================================================================
Received Import Request.
  Time since last request: 0.000218 seconds.
  path: Assets/Prefabs/Coin.prefab
  artifactKey: Guid(f689c796779b176499aae2709495c1f3) Importer(815301076,1909f56bfc062723c751e8b465ee728b)
Start importing Assets/Prefabs/Coin.prefab using Guid(f689c796779b176499aae2709495c1f3) Importer(815301076,1909f56bfc062723c751e8b465ee728b)  -> (artifact id: 'c3edcd969e76a28004e94af666debd3c') in 0.010316 seconds
  Import took 0.013444 seconds .

========================================================================
Received Import Request.
  Time since last request: 0.000139 seconds.
  path: Assets/Prefabs/Obstacle.prefab
  artifactKey: Guid(1b6be153796c6644087cc9f893696632) Importer(815301076,1909f56bfc062723c751e8b465ee728b)
Start importing Assets/Prefabs/Obstacle.prefab using Guid(1b6be153796c6644087cc9f893696632) Importer(815301076,1909f56bfc062723c751e8b465ee728b)  -> (artifact id: '26a83f12b2c905b38292c5fe88ca2337') in 0.011120 seconds
  Import took 0.013753 seconds .

========================================================================
Received Import Request.
  Time since last request: 0.000137 seconds.
  path: Assets/Prefabs/ShotPosition.prefab
  artifactKey: Guid(5903f9be4a85e1e46b994491d6ed2964) Importer(815301076,1909f56bfc062723c751e8b465ee728b)
Start importing Assets/Prefabs/ShotPosition.prefab using Guid(5903f9be4a85e1e46b994491d6ed2964) Importer(815301076,1909f56bfc062723c751e8b465ee728b)  -> (artifact id: 'a93713864281f214a5e468338db1a359') in 0.006294 seconds
  Import took 0.009023 seconds .

========================================================================
Received Import Request.
  Time since last request: 0.000148 seconds.
  path: Assets/Prefabs/Player.prefab
  artifactKey: Guid(66153af17bce1da4ba3502fe04b45afd) Importer(815301076,1909f56bfc062723c751e8b465ee728b)
Start importing Assets/Prefabs/Player.prefab using Guid(66153af17bce1da4ba3502fe04b45afd) Importer(815301076,1909f56bfc062723c751e8b465ee728b)  -> (artifact id: '2ed23f3a5f763c10e4299399204ebfc0') in 0.023321 seconds
  Import took 0.026363 seconds .

========================================================================
Received Import Request.
  Time since last request: 0.000147 seconds.
  path: Assets/Prefabs/SpawnPoint.prefab
  artifactKey: Guid(ce34078c805f25f409ca9312d4140208) Importer(815301076,1909f56bfc062723c751e8b465ee728b)
Start importing Assets/Prefabs/SpawnPoint.prefab using Guid(ce34078c805f25f409ca9312d4140208) Importer(815301076,1909f56bfc062723c751e8b465ee728b)  -> (artifact id: '0f805015030a7307866f26f41d05f255') in 0.008256 seconds
  Import took 0.011366 seconds .

========================================================================
Received Import Request.
  Time since last request: 92.534273 seconds.
  path: Assets/Fonts/joystix.monospace.ttf
  artifactKey: Guid(b77b1369d449db6418a5e272b39a53e5) Importer(815301076,1909f56bfc062723c751e8b465ee728b)
Start importing Assets/Fonts/joystix.monospace.ttf using Guid(b77b1369d449db6418a5e272b39a53e5) Importer(815301076,1909f56bfc062723c751e8b465ee728b)  -> (artifact id: 'f2ded3d9393624723160684d81f106be') in 0.022574 seconds
  Import took 0.026144 seconds .

========================================================================
Received Import Request.
  Time since last request: 4.397185 seconds.
  path: Assets/Audio/Hit_Hurt.wav
  artifactKey: Guid(1c42480ce2c8afa449c29a4182cc0115) Importer(815301076,1909f56bfc062723c751e8b465ee728b)
Start importing Assets/Audio/Hit_Hurt.wav using Guid(1c42480ce2c8afa449c29a4182cc0115) Importer(815301076,1909f56bfc062723c751e8b465ee728b)  -> (artifact id: 'fc3b000c28e905b66eb380df58b5c4b5') in 0.024678 seconds
  Import took 0.027192 seconds .

========================================================================
Received Import Request.
  Time since last request: 0.000198 seconds.
  path: Assets/Audio/Laser_Shoot.wav
  artifactKey: Guid(8c966e33ab27f6c43a0fe1ba1faaea69) Importer(815301076,1909f56bfc062723c751e8b465ee728b)
Start importing Assets/Audio/Laser_Shoot.wav using Guid(8c966e33ab27f6c43a0fe1ba1faaea69) Importer(815301076,1909f56bfc062723c751e8b465ee728b)  -> (artifact id: 'ae855f603d2ec53c7b79c8477ddf4bf6') in 0.010209 seconds
  Import took 0.013136 seconds .

========================================================================
Received Import Request.
  Time since last request: 0.000193 seconds.
  path: Assets/Audio/Pickup_Coin.wav
  artifactKey: Guid(02465465870fc5b4bb1758f7549ed3a9) Importer(815301076,1909f56bfc062723c751e8b465ee728b)
Start importing Assets/Audio/Pickup_Coin.wav using Guid(02465465870fc5b4bb1758f7549ed3a9) Importer(815301076,1909f56bfc062723c751e8b465ee728b)  -> (artifact id: '80e5ea47536f055b40bbd0707856e84d') in 0.011545 seconds
  Import took 0.014386 seconds .

========================================================================
Received Import Request.
  Time since last request: 603.535631 seconds.
  path: Assets/Scripts/Player.cs
  artifactKey: Guid(3b0a76e59232d1341acdf5bb1fbb19d8) Importer(815301076,1909f56bfc062723c751e8b465ee728b)
Start importing Assets/Scripts/Player.cs using Guid(3b0a76e59232d1341acdf5bb1fbb19d8) Importer(815301076,1909f56bfc062723c751e8b465ee728b)  -> (artifact id: '3c0c60c3165b8e0838dd29929e409eb1') in 0.004626 seconds
  Import took 0.007840 seconds .

========================================================================
Received Import Request.
  Time since last request: 205.385499 seconds.
  path: Assets/Scripts/MoneyManager.cs
  artifactKey: Guid(2ba48c26d65ad4646b7596d4ecdd32ee) Importer(815301076,1909f56bfc062723c751e8b465ee728b)
Start importing Assets/Scripts/MoneyManager.cs using Guid(2ba48c26d65ad4646b7596d4ecdd32ee) Importer(815301076,1909f56bfc062723c751e8b465ee728b)  -> (artifact id: 'da0196dd9d3ddcf29044e3d0ab3e4217') in 0.007749 seconds
  Import took 0.010813 seconds .

========================================================================
Received Import Request.
  Time since last request: 0.001850 seconds.
  path: Assets/Scripts/MoneyManager.cs
  artifactKey: Guid(2ba48c26d65ad4646b7596d4ecdd32ee) Importer(815301076,1909f56bfc062723c751e8b465ee728b)
Start importing Assets/Scripts/MoneyManager.cs using Guid(2ba48c26d65ad4646b7596d4ecdd32ee) Importer(815301076,1909f56bfc062723c751e8b465ee728b)  -> (artifact id: 'da0196dd9d3ddcf29044e3d0ab3e4217') in 0.001914 seconds
  Import took 0.004902 seconds .

========================================================================
Received Import Request.
  Time since last request: 41.950703 seconds.
  path: Assets/Animations/Player.anim
  artifactKey: Guid(09f4567a162eb6f44a1e4253aebf1a1a) Importer(815301076,1909f56bfc062723c751e8b465ee728b)
Start importing Assets/Animations/Player.anim using Guid(09f4567a162eb6f44a1e4253aebf1a1a) Importer(815301076,1909f56bfc062723c751e8b465ee728b)  -> (artifact id: '82c7a2fb6df0da60ff6f7a98891bf67e') in 0.003747 seconds
  Import took 0.006637 seconds .

========================================================================
Received Import Request.
  Time since last request: 0.003979 seconds.
  path: Assets/Animations/Player.anim
  artifactKey: Guid(09f4567a162eb6f44a1e4253aebf1a1a) Importer(815301076,1909f56bfc062723c751e8b465ee728b)
Start importing Assets/Animations/Player.anim using Guid(09f4567a162eb6f44a1e4253aebf1a1a) Importer(815301076,1909f56bfc062723c751e8b465ee728b)  -> (artifact id: '82c7a2fb6df0da60ff6f7a98891bf67e') in 0.002251 seconds
  Import took 0.005071 seconds .

========================================================================
Received Import Request.
  Time since last request: 12.206051 seconds.
  path: Assets/Animations/Player.controller
  artifactKey: Guid(96abb052532a8694bbb2d25201afd1c8) Importer(815301076,1909f56bfc062723c751e8b465ee728b)
Start importing Assets/Animations/Player.controller using Guid(96abb052532a8694bbb2d25201afd1c8) Importer(815301076,1909f56bfc062723c751e8b465ee728b)  -> (artifact id: '1eb91a0667a44e5f2e3ef419fc6fcaa9') in 0.003900 seconds
  Import took 0.007663 seconds .

========================================================================
Received Import Request.
  Time since last request: 0.000528 seconds.
  path: Assets/Animations/Player.controller
  artifactKey: Guid(96abb052532a8694bbb2d25201afd1c8) Importer(815301076,1909f56bfc062723c751e8b465ee728b)
Start importing Assets/Animations/Player.controller using Guid(96abb052532a8694bbb2d25201afd1c8) Importer(815301076,1909f56bfc062723c751e8b465ee728b)  -> (artifact id: '1eb91a0667a44e5f2e3ef419fc6fcaa9') in 0.003128 seconds
  Import took 0.009158 seconds .

========================================================================
Received Prepare
Registering precompiled user dll's ...
Registered in 0.000569 seconds.
Begin MonoManager ReloadAssembly
Native extension for WindowsStandalone target not found
Native extension for WebGL target not found
Refreshing native plugins compatible for Editor in 0.31 ms, found 1 plugins.
Preloading 0 native plugins for Editor in 0.00 ms.
Invoked RoslynAnalysisRunner static constructor.
RoslynAnalysisRunner will not be running.
RoslynAnalysisRunner has terminated.
Mono: successfully reloaded assembly
- Completed reload, in  0.690 seconds
Platform modules already initialized, skipping
Switching build target platform(5) subTarget(0) extendedPlatform(0) -> platform(13) subTarget(537395200) extendedPlatform(0)
Refreshing native plugins compatible for Editor in 0.29 ms, found 1 plugins.
Preloading 0 native plugins for Editor in 0.00 ms.
Unloading 1820 Unused Serialized files (Serialized files now loaded: 0)
System memory in use before: 88.6 MB.
System memory in use after: 88.6 MB.

Unloading 12 unused Assets to reduce memory usage. Loaded Objects now: 2397.
Total: 2.118500 ms (FindLiveObjects: 0.195600 ms CreateObjectMapping: 0.051700 ms MarkObjects: 1.717700 ms  DeleteObjects: 0.152600 ms)

AssetImportParameters requested are different than current active one (requested -> active):
  custom:graphics/normal-map-encoding: 01000000000000000000000000000000 -> 02000000000000000000000000000000
========================================================================
Received Prepare
Registering precompiled user dll's ...
Registered in 0.000589 seconds.
Begin MonoManager ReloadAssembly
Native extension for WindowsStandalone target not found
Native extension for WebGL target not found
Refreshing native plugins compatible for Editor in 0.31 ms, found 1 plugins.
Preloading 0 native plugins for Editor in 0.00 ms.
Invoked RoslynAnalysisRunner static constructor.
RoslynAnalysisRunner will not be running.
RoslynAnalysisRunner has terminated.
Mono: successfully reloaded assembly
- Completed reload, in  0.685 seconds
Platform modules already initialized, skipping
Switching build target platform(5) subTarget(0) extendedPlatform(0) -> platform(13) subTarget(537395200) extendedPlatform(0)
Refreshing native plugins compatible for Editor in 0.30 ms, found 1 plugins.
Preloading 0 native plugins for Editor in 0.00 ms.
Unloading 1820 Unused Serialized files (Serialized files now loaded: 0)
System memory in use before: 88.7 MB.
System memory in use after: 88.7 MB.

Unloading 12 unused Assets to reduce memory usage. Loaded Objects now: 2401.
Total: 2.194300 ms (FindLiveObjects: 0.314900 ms CreateObjectMapping: 0.159000 ms MarkObjects: 1.629200 ms  DeleteObjects: 0.090300 ms)

AssetImportParameters requested are different than current active one (requested -> active):
  custom:graphics/normal-map-encoding: 01000000000000000000000000000000 -> 02000000000000000000000000000000
========================================================================
Received Import Request.
  Time since last request: 363.546928 seconds.
  path: Assets/Scripts/CheckBullet.cs
  artifactKey: Guid(0411fd199c549c34dbafe9efa4be99da) Importer(815301076,1909f56bfc062723c751e8b465ee728b)
Start importing Assets/Scripts/CheckBullet.cs using Guid(0411fd199c549c34dbafe9efa4be99da) Importer(815301076,1909f56bfc062723c751e8b465ee728b)  -> (artifact id: '7510c98110340cf014c98ba7b120fc0b') in 0.009350 seconds
  Import took 0.012513 seconds .

========================================================================
Received Import Request.
  Time since last request: 0.002325 seconds.
  path: Assets/Scripts/CheckBullet.cs
  artifactKey: Guid(0411fd199c549c34dbafe9efa4be99da) Importer(815301076,1909f56bfc062723c751e8b465ee728b)
Start importing Assets/Scripts/CheckBullet.cs using Guid(0411fd199c549c34dbafe9efa4be99da) Importer(815301076,1909f56bfc062723c751e8b465ee728b)  -> (artifact id: '7510c98110340cf014c98ba7b120fc0b') in 0.002520 seconds
  Import took 0.005699 seconds .

========================================================================
Received Prepare
Registering precompiled user dll's ...
Registered in 0.000943 seconds.
Begin MonoManager ReloadAssembly
Native extension for WindowsStandalone target not found
Native extension for WebGL target not found
Refreshing native plugins compatible for Editor in 0.33 ms, found 1 plugins.
Preloading 0 native plugins for Editor in 0.00 ms.
Invoked RoslynAnalysisRunner static constructor.
RoslynAnalysisRunner will not be running.
RoslynAnalysisRunner has terminated.
Mono: successfully reloaded assembly
- Completed reload, in  0.687 seconds
Platform modules already initialized, skipping
Switching build target platform(5) subTarget(0) extendedPlatform(0) -> platform(13) subTarget(537395200) extendedPlatform(0)
Refreshing native plugins compatible for Editor in 0.29 ms, found 1 plugins.
Preloading 0 native plugins for Editor in 0.00 ms.
Unloading 1820 Unused Serialized files (Serialized files now loaded: 0)
System memory in use before: 88.7 MB.
System memory in use after: 88.7 MB.

Unloading 12 unused Assets to reduce memory usage. Loaded Objects now: 2405.
Total: 1.827600 ms (FindLiveObjects: 0.171600 ms CreateObjectMapping: 0.049800 ms MarkObjects: 1.463500 ms  DeleteObjects: 0.141800 ms)

AssetImportParameters requested are different than current active one (requested -> active):
  custom:graphics/normal-map-encoding: 01000000000000000000000000000000 -> 02000000000000000000000000000000
========================================================================
Received Import Request.
  Time since last request: 19.520880 seconds.
  path: Assets/Scripts/CheckBullet.cs
  artifactKey: Guid(0411fd199c549c34dbafe9efa4be99da) Importer(815301076,1909f56bfc062723c751e8b465ee728b)
Start importing Assets/Scripts/CheckBullet.cs using Guid(0411fd199c549c34dbafe9efa4be99da) Importer(815301076,1909f56bfc062723c751e8b465ee728b)  -> (artifact id: '00e48ef9c654ef3eaf222475e73f325a') in 0.004014 seconds
  Import took 0.006624 seconds .

========================================================================
Received Prepare
Registering precompiled user dll's ...
Registered in 0.000623 seconds.
Begin MonoManager ReloadAssembly
Native extension for WindowsStandalone target not found
Native extension for WebGL target not found
Refreshing native plugins compatible for Editor in 0.49 ms, found 1 plugins.
Preloading 0 native plugins for Editor in 0.00 ms.
Invoked RoslynAnalysisRunner static constructor.
RoslynAnalysisRunner will not be running.
RoslynAnalysisRunner has terminated.
Mono: successfully reloaded assembly
- Completed reload, in  0.690 seconds
Platform modules already initialized, skipping
Switching build target platform(5) subTarget(0) extendedPlatform(0) -> platform(13) subTarget(537395200) extendedPlatform(0)
Refreshing native plugins compatible for Editor in 0.30 ms, found 1 plugins.
Preloading 0 native plugins for Editor in 0.00 ms.
Unloading 1820 Unused Serialized files (Serialized files now loaded: 0)
System memory in use before: 88.7 MB.
System memory in use after: 88.7 MB.

Unloading 12 unused Assets to reduce memory usage. Loaded Objects now: 2409.
Total: 1.853000 ms (FindLiveObjects: 0.212600 ms CreateObjectMapping: 0.083500 ms MarkObjects: 1.431100 ms  DeleteObjects: 0.125200 ms)

AssetImportParameters requested are different than current active one (requested -> active):
  custom:graphics/normal-map-encoding: 01000000000000000000000000000000 -> 02000000000000000000000000000000
========================================================================
Received Import Request.
  Time since last request: 14.025889 seconds.
  path: Assets/Scripts/CheckBullet.cs
  artifactKey: Guid(0411fd199c549c34dbafe9efa4be99da) Importer(815301076,1909f56bfc062723c751e8b465ee728b)
Start importing Assets/Scripts/CheckBullet.cs using Guid(0411fd199c549c34dbafe9efa4be99da) Importer(815301076,1909f56bfc062723c751e8b465ee728b)  -> (artifact id: 'fb20958ae56db8db91e401ba3c6b5d34') in 0.003685 seconds
  Import took 0.006005 seconds .

========================================================================
Received Import Request.
  Time since last request: 2.231733 seconds.
  path: Assets/Prefabs/Player.prefab
  artifactKey: Guid(66153af17bce1da4ba3502fe04b45afd) Importer(815301076,1909f56bfc062723c751e8b465ee728b)
Start importing Assets/Prefabs/Player.prefab using Guid(66153af17bce1da4ba3502fe04b45afd) Importer(815301076,1909f56bfc062723c751e8b465ee728b)  -> (artifact id: '351779b0c826ebaaa66ef09735543adb') in 0.064866 seconds
  Import took 0.067650 seconds .

========================================================================
Received Import Request.
  Time since last request: 32.300380 seconds.
  path: Assets/Scripts/ObstacleSpawn.cs
  artifactKey: Guid(3cc5f61e3d7faf0438f7d38832ccd4cc) Importer(815301076,1909f56bfc062723c751e8b465ee728b)
Start importing Assets/Scripts/ObstacleSpawn.cs using Guid(3cc5f61e3d7faf0438f7d38832ccd4cc) Importer(815301076,1909f56bfc062723c751e8b465ee728b)  -> (artifact id: '09a6df218c043e2026f24bd6ee18845a') in 0.007881 seconds
  Import took 0.011146 seconds .

========================================================================
Received Import Request.
  Time since last request: 0.001489 seconds.
  path: Assets/Scripts/ObstacleSpawn.cs
  artifactKey: Guid(3cc5f61e3d7faf0438f7d38832ccd4cc) Importer(815301076,1909f56bfc062723c751e8b465ee728b)
Start importing Assets/Scripts/ObstacleSpawn.cs using Guid(3cc5f61e3d7faf0438f7d38832ccd4cc) Importer(815301076,1909f56bfc062723c751e8b465ee728b)  -> (artifact id: '09a6df218c043e2026f24bd6ee18845a') in 0.001961 seconds
  Import took 0.005341 seconds .

========================================================================
Received Import Request.
  Time since last request: 96.333150 seconds.
  path: Assets/Scripts/Obstacle.cs
  artifactKey: Guid(353ee8bd542be4d43a79b25ac63e1bbd) Importer(815301076,1909f56bfc062723c751e8b465ee728b)
Start importing Assets/Scripts/Obstacle.cs using Guid(353ee8bd542be4d43a79b25ac63e1bbd) Importer(815301076,1909f56bfc062723c751e8b465ee728b)  -> (artifact id: 'ac8dd768d75e5dd4d388923bbb44f7d3') in 0.002942 seconds
  Import took 0.006628 seconds .

========================================================================
Received Prepare
Registering precompiled user dll's ...
Registered in 0.000556 seconds.
Begin MonoManager ReloadAssembly
Native extension for WindowsStandalone target not found
Native extension for WebGL target not found
Refreshing native plugins compatible for Editor in 0.33 ms, found 1 plugins.
Preloading 0 native plugins for Editor in 0.00 ms.
Invoked RoslynAnalysisRunner static constructor.
RoslynAnalysisRunner will not be running.
RoslynAnalysisRunner has terminated.
Mono: successfully reloaded assembly
- Completed reload, in  0.682 seconds
Platform modules already initialized, skipping
Switching build target platform(5) subTarget(0) extendedPlatform(0) -> platform(13) subTarget(537395200) extendedPlatform(0)
Refreshing native plugins compatible for Editor in 0.31 ms, found 1 plugins.
Preloading 0 native plugins for Editor in 0.00 ms.
Unloading 1820 Unused Serialized files (Serialized files now loaded: 0)
System memory in use before: 88.7 MB.
System memory in use after: 88.7 MB.

Unloading 12 unused Assets to reduce memory usage. Loaded Objects now: 2414.
Total: 2.042900 ms (FindLiveObjects: 0.208700 ms CreateObjectMapping: 0.077100 ms MarkObjects: 1.596100 ms  DeleteObjects: 0.160400 ms)

AssetImportParameters requested are different than current active one (requested -> active):
  custom:graphics/normal-map-encoding: 01000000000000000000000000000000 -> 02000000000000000000000000000000
========================================================================
Received Prepare
Registering precompiled user dll's ...
Registered in 0.000539 seconds.
Begin MonoManager ReloadAssembly
Native extension for WindowsStandalone target not found
Native extension for WebGL target not found
Refreshing native plugins compatible for Editor in 0.31 ms, found 1 plugins.
Preloading 0 native plugins for Editor in 0.00 ms.
Invoked RoslynAnalysisRunner static constructor.
RoslynAnalysisRunner will not be running.
RoslynAnalysisRunner has terminated.
Mono: successfully reloaded assembly
- Completed reload, in  0.671 seconds
Platform modules already initialized, skipping
Switching build target platform(5) subTarget(0) extendedPlatform(0) -> platform(13) subTarget(537395200) extendedPlatform(0)
Refreshing native plugins compatible for Editor in 0.31 ms, found 1 plugins.
Preloading 0 native plugins for Editor in 0.00 ms.
Unloading 1820 Unused Serialized files (Serialized files now loaded: 0)
System memory in use before: 88.7 MB.
System memory in use after: 88.7 MB.

Unloading 12 unused Assets to reduce memory usage. Loaded Objects now: 2418.
Total: 1.746400 ms (FindLiveObjects: 0.232000 ms CreateObjectMapping: 0.065000 ms MarkObjects: 1.319800 ms  DeleteObjects: 0.128800 ms)

AssetImportParameters requested are different than current active one (requested -> active):
  custom:graphics/normal-map-encoding: 01000000000000000000000000000000 -> 02000000000000000000000000000000
========================================================================
Received Prepare
Registering precompiled user dll's ...
Registered in 0.000908 seconds.
Begin MonoManager ReloadAssembly
Native extension for WindowsStandalone target not found
Native extension for WebGL target not found
Refreshing native plugins compatible for Editor in 0.31 ms, found 1 plugins.
Preloading 0 native plugins for Editor in 0.00 ms.
Invoked RoslynAnalysisRunner static constructor.
RoslynAnalysisRunner will not be running.
RoslynAnalysisRunner has terminated.
Mono: successfully reloaded assembly
- Completed reload, in  0.700 seconds
Platform modules already initialized, skipping
Switching build target platform(5) subTarget(0) extendedPlatform(0) -> platform(13) subTarget(537395200) extendedPlatform(0)
Refreshing native plugins compatible for Editor in 0.29 ms, found 1 plugins.
Preloading 0 native plugins for Editor in 0.00 ms.
Unloading 1820 Unused Serialized files (Serialized files now loaded: 0)
System memory in use before: 88.7 MB.
System memory in use after: 88.7 MB.

Unloading 12 unused Assets to reduce memory usage. Loaded Objects now: 2422.
Total: 1.881600 ms (FindLiveObjects: 0.257200 ms CreateObjectMapping: 0.075800 ms MarkObjects: 1.451700 ms  DeleteObjects: 0.095800 ms)

AssetImportParameters requested are different than current active one (requested -> active):
  custom:graphics/normal-map-encoding: 01000000000000000000000000000000 -> 02000000000000000000000000000000
========================================================================
Received Prepare
Registering precompiled user dll's ...
Registered in 0.000843 seconds.
Begin MonoManager ReloadAssembly
Native extension for WindowsStandalone target not found
Native extension for WebGL target not found
Refreshing native plugins compatible for Editor in 0.32 ms, found 1 plugins.
Preloading 0 native plugins for Editor in 0.00 ms.
Invoked RoslynAnalysisRunner static constructor.
RoslynAnalysisRunner will not be running.
RoslynAnalysisRunner has terminated.
Mono: successfully reloaded assembly
- Completed reload, in  0.704 seconds
Platform modules already initialized, skipping
Switching build target platform(5) subTarget(0) extendedPlatform(0) -> platform(13) subTarget(537395200) extendedPlatform(0)
Refreshing native plugins compatible for Editor in 0.30 ms, found 1 plugins.
Preloading 0 native plugins for Editor in 0.00 ms.
Unloading 1820 Unused Serialized files (Serialized files now loaded: 0)
System memory in use before: 88.7 MB.
System memory in use after: 88.7 MB.

Unloading 12 unused Assets to reduce memory usage. Loaded Objects now: 2426.
Total: 10.385700 ms (FindLiveObjects: 0.344900 ms CreateObjectMapping: 0.202500 ms MarkObjects: 9.689900 ms  DeleteObjects: 0.146700 ms)

AssetImportParameters requested are different than current active one (requested -> active):
  custom:graphics/normal-map-encoding: 01000000000000000000000000000000 -> 02000000000000000000000000000000
========================================================================
Received Prepare
Registering precompiled user dll's ...
Registered in 0.000612 seconds.
Begin MonoManager ReloadAssembly
Native extension for WindowsStandalone target not found
Native extension for WebGL target not found
Refreshing native plugins compatible for Editor in 0.30 ms, found 1 plugins.
Preloading 0 native plugins for Editor in 0.00 ms.
Invoked RoslynAnalysisRunner static constructor.
RoslynAnalysisRunner will not be running.
RoslynAnalysisRunner has terminated.
Mono: successfully reloaded assembly
- Completed reload, in  0.694 seconds
Platform modules already initialized, skipping
Switching build target platform(5) subTarget(0) extendedPlatform(0) -> platform(13) subTarget(537395200) extendedPlatform(0)
Refreshing native plugins compatible for Editor in 0.30 ms, found 1 plugins.
Preloading 0 native plugins for Editor in 0.00 ms.
Unloading 1820 Unused Serialized files (Serialized files now loaded: 0)
System memory in use before: 88.8 MB.
System memory in use after: 88.8 MB.

Unloading 12 unused Assets to reduce memory usage. Loaded Objects now: 2430.
Total: 1.852900 ms (FindLiveObjects: 0.174200 ms CreateObjectMapping: 0.059200 ms MarkObjects: 1.482000 ms  DeleteObjects: 0.136900 ms)

AssetImportParameters requested are different than current active one (requested -> active):
  custom:graphics/normal-map-encoding: 01000000000000000000000000000000 -> 02000000000000000000000000000000
========================================================================
Received Prepare
Registering precompiled user dll's ...
Registered in 0.000564 seconds.
Begin MonoManager ReloadAssembly
Native extension for WindowsStandalone target not found
Native extension for WebGL target not found
Refreshing native plugins compatible for Editor in 0.31 ms, found 1 plugins.
Preloading 0 native plugins for Editor in 0.00 ms.
Invoked RoslynAnalysisRunner static constructor.
RoslynAnalysisRunner will not be running.
RoslynAnalysisRunner has terminated.
Mono: successfully reloaded assembly
- Completed reload, in  0.690 seconds
Platform modules already initialized, skipping
Switching build target platform(5) subTarget(0) extendedPlatform(0) -> platform(13) subTarget(537395200) extendedPlatform(0)
Refreshing native plugins compatible for Editor in 0.30 ms, found 1 plugins.
Preloading 0 native plugins for Editor in 0.00 ms.
Unloading 1820 Unused Serialized files (Serialized files now loaded: 0)
System memory in use before: 88.8 MB.
System memory in use after: 88.8 MB.

Unloading 12 unused Assets to reduce memory usage. Loaded Objects now: 2434.
Total: 1.876400 ms (FindLiveObjects: 0.193200 ms CreateObjectMapping: 0.068400 ms MarkObjects: 1.522300 ms  DeleteObjects: 0.091900 ms)

AssetImportParameters requested are different than current active one (requested -> active):
  custom:graphics/normal-map-encoding: 01000000000000000000000000000000 -> 02000000000000000000000000000000
========================================================================
Received Prepare
Registering precompiled user dll's ...
Registered in 0.000567 seconds.
Begin MonoManager ReloadAssembly
Native extension for WindowsStandalone target not found
Native extension for WebGL target not found
Refreshing native plugins compatible for Editor in 0.32 ms, found 1 plugins.
Preloading 0 native plugins for Editor in 0.00 ms.
Invoked RoslynAnalysisRunner static constructor.
RoslynAnalysisRunner will not be running.
RoslynAnalysisRunner has terminated.
Mono: successfully reloaded assembly
- Completed reload, in  0.692 seconds
Platform modules already initialized, skipping
Switching build target platform(5) subTarget(0) extendedPlatform(0) -> platform(13) subTarget(537395200) extendedPlatform(0)
Refreshing native plugins compatible for Editor in 0.30 ms, found 1 plugins.
Preloading 0 native plugins for Editor in 0.00 ms.
Unloading 1820 Unused Serialized files (Serialized files now loaded: 0)
System memory in use before: 88.8 MB.
System memory in use after: 88.8 MB.

Unloading 12 unused Assets to reduce memory usage. Loaded Objects now: 2438.
Total: 2.099500 ms (FindLiveObjects: 0.196500 ms CreateObjectMapping: 0.059100 ms MarkObjects: 1.692000 ms  DeleteObjects: 0.151200 ms)

AssetImportParameters requested are different than current active one (requested -> active):
  custom:graphics/normal-map-encoding: 01000000000000000000000000000000 -> 02000000000000000000000000000000
========================================================================
Received Prepare
Registering precompiled user dll's ...
Registered in 0.000652 seconds.
Begin MonoManager ReloadAssembly
Native extension for WindowsStandalone target not found
Native extension for WebGL target not found
Refreshing native plugins compatible for Editor in 0.32 ms, found 1 plugins.
Preloading 0 native plugins for Editor in 0.00 ms.
Invoked RoslynAnalysisRunner static constructor.
RoslynAnalysisRunner will not be running.
RoslynAnalysisRunner has terminated.
Mono: successfully reloaded assembly
- Completed reload, in  0.703 seconds
Platform modules already initialized, skipping
Switching build target platform(5) subTarget(0) extendedPlatform(0) -> platform(13) subTarget(537395200) extendedPlatform(0)
Refreshing native plugins compatible for Editor in 0.30 ms, found 1 plugins.
Preloading 0 native plugins for Editor in 0.00 ms.
Unloading 1820 Unused Serialized files (Serialized files now loaded: 0)
System memory in use before: 88.8 MB.
System memory in use after: 88.8 MB.

Unloading 12 unused Assets to reduce memory usage. Loaded Objects now: 2442.
Total: 2.126700 ms (FindLiveObjects: 0.295900 ms CreateObjectMapping: 0.114600 ms MarkObjects: 1.621500 ms  DeleteObjects: 0.093800 ms)

AssetImportParameters requested are different than current active one (requested -> active):
  custom:graphics/normal-map-encoding: 01000000000000000000000000000000 -> 02000000000000000000000000000000
========================================================================
Received Prepare
Registering precompiled user dll's ...
Registered in 0.000635 seconds.
Begin MonoManager ReloadAssembly
Native extension for WindowsStandalone target not found
Native extension for WebGL target not found
Refreshing native plugins compatible for Editor in 0.30 ms, found 1 plugins.
Preloading 0 native plugins for Editor in 0.00 ms.
Invoked RoslynAnalysisRunner static constructor.
RoslynAnalysisRunner will not be running.
RoslynAnalysisRunner has terminated.
Mono: successfully reloaded assembly
- Completed reload, in  0.693 seconds
Platform modules already initialized, skipping
Switching build target platform(5) subTarget(0) extendedPlatform(0) -> platform(13) subTarget(537395200) extendedPlatform(0)
Refreshing native plugins compatible for Editor in 0.32 ms, found 1 plugins.
Preloading 0 native plugins for Editor in 0.00 ms.
Unloading 1820 Unused Serialized files (Serialized files now loaded: 0)
System memory in use before: 88.8 MB.
System memory in use after: 88.8 MB.

Unloading 12 unused Assets to reduce memory usage. Loaded Objects now: 2446.
Total: 1.994700 ms (FindLiveObjects: 0.222600 ms CreateObjectMapping: 0.059600 ms MarkObjects: 1.563200 ms  DeleteObjects: 0.148100 ms)

AssetImportParameters requested are different than current active one (requested -> active):
  custom:graphics/normal-map-encoding: 01000000000000000000000000000000 -> 02000000000000000000000000000000
========================================================================
Received Import Request.
  Time since last request: 516.678799 seconds.
  path: Assets/Scripts/Shooting.cs
  artifactKey: Guid(72de5bcbe5c4c9641bbcb9c0f6c6ccf6) Importer(815301076,1909f56bfc062723c751e8b465ee728b)
Start importing Assets/Scripts/Shooting.cs using Guid(72de5bcbe5c4c9641bbcb9c0f6c6ccf6) Importer(815301076,1909f56bfc062723c751e8b465ee728b)  -> (artifact id: 'd1126447f79449cb6ea76d8a709f5629') in 0.008485 seconds
  Import took 0.011483 seconds .

========================================================================
Received Import Request.
  Time since last request: 0.001006 seconds.
  path: Assets/Scripts/Shooting.cs
  artifactKey: Guid(72de5bcbe5c4c9641bbcb9c0f6c6ccf6) Importer(815301076,1909f56bfc062723c751e8b465ee728b)
Start importing Assets/Scripts/Shooting.cs using Guid(72de5bcbe5c4c9641bbcb9c0f6c6ccf6) Importer(815301076,1909f56bfc062723c751e8b465ee728b)  -> (artifact id: 'd1126447f79449cb6ea76d8a709f5629') in 0.001987 seconds
  Import took 0.005314 seconds .

========================================================================
Received Prepare
Registering precompiled user dll's ...
Registered in 0.000586 seconds.
Begin MonoManager ReloadAssembly
Native extension for WindowsStandalone target not found
Native extension for WebGL target not found
Refreshing native plugins compatible for Editor in 0.32 ms, found 1 plugins.
Preloading 0 native plugins for Editor in 0.00 ms.
Invoked RoslynAnalysisRunner static constructor.
RoslynAnalysisRunner will not be running.
RoslynAnalysisRunner has terminated.
Mono: successfully reloaded assembly
- Completed reload, in  0.755 seconds
Platform modules already initialized, skipping
Switching build target platform(5) subTarget(0) extendedPlatform(0) -> platform(13) subTarget(537395200) extendedPlatform(0)
Refreshing native plugins compatible for Editor in 0.30 ms, found 1 plugins.
Preloading 0 native plugins for Editor in 0.00 ms.
Unloading 1820 Unused Serialized files (Serialized files now loaded: 0)
System memory in use before: 88.8 MB.
System memory in use after: 88.8 MB.

Unloading 12 unused Assets to reduce memory usage. Loaded Objects now: 2450.
Total: 1.814900 ms (FindLiveObjects: 0.234900 ms CreateObjectMapping: 0.159100 ms MarkObjects: 1.327700 ms  DeleteObjects: 0.092400 ms)

AssetImportParameters requested are different than current active one (requested -> active):
  custom:graphics/normal-map-encoding: 01000000000000000000000000000000 -> 02000000000000000000000000000000
========================================================================
Received Import Request.
  Time since last request: 20.698565 seconds.
  path: Assets/Scripts/Shooting.cs
  artifactKey: Guid(72de5bcbe5c4c9641bbcb9c0f6c6ccf6) Importer(815301076,1909f56bfc062723c751e8b465ee728b)
Start importing Assets/Scripts/Shooting.cs using Guid(72de5bcbe5c4c9641bbcb9c0f6c6ccf6) Importer(815301076,1909f56bfc062723c751e8b465ee728b)  -> (artifact id: 'd48a84e3de19a7bc8ecfbc9487918fcf') in 0.003947 seconds
  Import took 0.006386 seconds .

========================================================================
Received Prepare
Registering precompiled user dll's ...
Registered in 0.000591 seconds.
Begin MonoManager ReloadAssembly
Native extension for WindowsStandalone target not found
Native extension for WebGL target not found
Refreshing native plugins compatible for Editor in 0.31 ms, found 1 plugins.
Preloading 0 native plugins for Editor in 0.00 ms.
Invoked RoslynAnalysisRunner static constructor.
RoslynAnalysisRunner will not be running.
RoslynAnalysisRunner has terminated.
Mono: successfully reloaded assembly
- Completed reload, in  0.694 seconds
Platform modules already initialized, skipping
Switching build target platform(5) subTarget(0) extendedPlatform(0) -> platform(13) subTarget(537395200) extendedPlatform(0)
Refreshing native plugins compatible for Editor in 0.30 ms, found 1 plugins.
Preloading 0 native plugins for Editor in 0.00 ms.
Unloading 1820 Unused Serialized files (Serialized files now loaded: 0)
System memory in use before: 88.8 MB.
System memory in use after: 88.8 MB.

Unloading 12 unused Assets to reduce memory usage. Loaded Objects now: 2454.
Total: 1.807700 ms (FindLiveObjects: 0.192200 ms CreateObjectMapping: 0.064100 ms MarkObjects: 1.452800 ms  DeleteObjects: 0.097900 ms)

AssetImportParameters requested are different than current active one (requested -> active):
  custom:graphics/normal-map-encoding: 01000000000000000000000000000000 -> 02000000000000000000000000000000
========================================================================
Received Prepare
Registering precompiled user dll's ...
Registered in 0.000558 seconds.
Begin MonoManager ReloadAssembly
Native extension for WindowsStandalone target not found
Native extension for WebGL target not found
Refreshing native plugins compatible for Editor in 0.30 ms, found 1 plugins.
Preloading 0 native plugins for Editor in 0.00 ms.
Invoked RoslynAnalysisRunner static constructor.
RoslynAnalysisRunner will not be running.
RoslynAnalysisRunner has terminated.
Mono: successfully reloaded assembly
- Completed reload, in  0.714 seconds
Platform modules already initialized, skipping
Switching build target platform(5) subTarget(0) extendedPlatform(0) -> platform(13) subTarget(537395200) extendedPlatform(0)
Refreshing native plugins compatible for Editor in 0.32 ms, found 1 plugins.
Preloading 0 native plugins for Editor in 0.00 ms.
Unloading 1820 Unused Serialized files (Serialized files now loaded: 0)
System memory in use before: 88.8 MB.
System memory in use after: 88.8 MB.

Unloading 12 unused Assets to reduce memory usage. Loaded Objects now: 2458.
Total: 1.775900 ms (FindLiveObjects: 0.220700 ms CreateObjectMapping: 0.076600 ms MarkObjects: 1.382500 ms  DeleteObjects: 0.094900 ms)

AssetImportParameters requested are different than current active one (requested -> active):
  custom:graphics/normal-map-encoding: 01000000000000000000000000000000 -> 02000000000000000000000000000000
========================================================================
Received Prepare
Registering precompiled user dll's ...
Registered in 0.000571 seconds.
Begin MonoManager ReloadAssembly
Native extension for WindowsStandalone target not found
Native extension for WebGL target not found
Refreshing native plugins compatible for Editor in 0.31 ms, found 1 plugins.
Preloading 0 native plugins for Editor in 0.00 ms.
Invoked RoslynAnalysisRunner static constructor.
RoslynAnalysisRunner will not be running.
RoslynAnalysisRunner has terminated.
Mono: successfully reloaded assembly
- Completed reload, in  0.715 seconds
Platform modules already initialized, skipping
Switching build target platform(5) subTarget(0) extendedPlatform(0) -> platform(13) subTarget(537395200) extendedPlatform(0)
Refreshing native plugins compatible for Editor in 0.32 ms, found 1 plugins.
Preloading 0 native plugins for Editor in 0.00 ms.
Unloading 1820 Unused Serialized files (Serialized files now loaded: 0)
System memory in use before: 88.8 MB.
System memory in use after: 88.8 MB.

Unloading 12 unused Assets to reduce memory usage. Loaded Objects now: 2462.
Total: 1.907600 ms (FindLiveObjects: 0.198600 ms CreateObjectMapping: 0.057000 ms MarkObjects: 1.511700 ms  DeleteObjects: 0.139500 ms)

AssetImportParameters requested are different than current active one (requested -> active):
  custom:graphics/normal-map-encoding: 01000000000000000000000000000000 -> 02000000000000000000000000000000
========================================================================
Received Prepare
Registering precompiled user dll's ...
Registered in 0.000571 seconds.
Begin MonoManager ReloadAssembly
Native extension for WindowsStandalone target not found
Native extension for WebGL target not found
Refreshing native plugins compatible for Editor in 0.32 ms, found 1 plugins.
Preloading 0 native plugins for Editor in 0.00 ms.
Invoked RoslynAnalysisRunner static constructor.
RoslynAnalysisRunner will not be running.
RoslynAnalysisRunner has terminated.
Mono: successfully reloaded assembly
- Completed reload, in  0.713 seconds
Platform modules already initialized, skipping
Switching build target platform(5) subTarget(0) extendedPlatform(0) -> platform(13) subTarget(537395200) extendedPlatform(0)
Refreshing native plugins compatible for Editor in 0.31 ms, found 1 plugins.
Preloading 0 native plugins for Editor in 0.00 ms.
Unloading 1820 Unused Serialized files (Serialized files now loaded: 0)
System memory in use before: 88.8 MB.
System memory in use after: 88.8 MB.

Unloading 12 unused Assets to reduce memory usage. Loaded Objects now: 2466.
Total: 1.897300 ms (FindLiveObjects: 0.184800 ms CreateObjectMapping: 0.071300 ms MarkObjects: 1.542900 ms  DeleteObjects: 0.097200 ms)

AssetImportParameters requested are different than current active one (requested -> active):
  custom:graphics/normal-map-encoding: 01000000000000000000000000000000 -> 02000000000000000000000000000000
========================================================================
Received Import Request.
  Time since last request: 157.005942 seconds.
  path: ProjectSettings/TagManager.asset
  artifactKey: Guid(00000000000000003000000000000000) Importer(815301076,1909f56bfc062723c751e8b465ee728b)
Start importing ProjectSettings/TagManager.asset using Guid(00000000000000003000000000000000) Importer(815301076,1909f56bfc062723c751e8b465ee728b)  -> (artifact id: '779d5949113fa91bb85f64f090860d93') in 0.017435 seconds
  Import took 0.020309 seconds .

========================================================================
Received Prepare
Registering precompiled user dll's ...
Registered in 0.000711 seconds.
Begin MonoManager ReloadAssembly
Native extension for WindowsStandalone target not found
Native extension for WebGL target not found
Refreshing native plugins compatible for Editor in 0.33 ms, found 1 plugins.
Preloading 0 native plugins for Editor in 0.00 ms.
Invoked RoslynAnalysisRunner static constructor.
RoslynAnalysisRunner will not be running.
RoslynAnalysisRunner has terminated.
Mono: successfully reloaded assembly
- Completed reload, in  0.694 seconds
Platform modules already initialized, skipping
Switching build target platform(5) subTarget(0) extendedPlatform(0) -> platform(13) subTarget(537395200) extendedPlatform(0)
Refreshing native plugins compatible for Editor in 0.29 ms, found 1 plugins.
Preloading 0 native plugins for Editor in 0.00 ms.
Unloading 1820 Unused Serialized files (Serialized files now loaded: 0)
System memory in use before: 88.8 MB.
System memory in use after: 88.8 MB.

Unloading 13 unused Assets to reduce memory usage. Loaded Objects now: 2470.
Total: 2.425800 ms (FindLiveObjects: 0.157700 ms CreateObjectMapping: 0.056600 ms MarkObjects: 2.089100 ms  DeleteObjects: 0.121900 ms)

AssetImportParameters requested are different than current active one (requested -> active):
  custom:graphics/normal-map-encoding: 01000000000000000000000000000000 -> 02000000000000000000000000000000
========================================================================
Received Import Request.
  Time since last request: 28.997276 seconds.
  path: Assets/Prefabs/Obstacle.prefab
  artifactKey: Guid(1b6be153796c6644087cc9f893696632) Importer(815301076,1909f56bfc062723c751e8b465ee728b)
Start importing Assets/Prefabs/Obstacle.prefab using Guid(1b6be153796c6644087cc9f893696632) Importer(815301076,1909f56bfc062723c751e8b465ee728b)  -> (artifact id: '4fe91550d93c71267c71542f173d65e2') in 0.039908 seconds
  Import took 0.042512 seconds .

========================================================================
Received Prepare
Registering precompiled user dll's ...
Registered in 0.000592 seconds.
Begin MonoManager ReloadAssembly
Native extension for WindowsStandalone target not found
Native extension for WebGL target not found
Refreshing native plugins compatible for Editor in 0.33 ms, found 1 plugins.
Preloading 0 native plugins for Editor in 0.00 ms.
Invoked RoslynAnalysisRunner static constructor.
RoslynAnalysisRunner will not be running.
RoslynAnalysisRunner has terminated.
Mono: successfully reloaded assembly
- Completed reload, in  0.719 seconds
Platform modules already initialized, skipping
Switching build target platform(5) subTarget(0) extendedPlatform(0) -> platform(13) subTarget(537395200) extendedPlatform(0)
Refreshing native plugins compatible for Editor in 0.30 ms, found 1 plugins.
Preloading 0 native plugins for Editor in 0.00 ms.
Unloading 1820 Unused Serialized files (Serialized files now loaded: 0)
System memory in use before: 88.9 MB.
System memory in use after: 88.9 MB.

Unloading 12 unused Assets to reduce memory usage. Loaded Objects now: 2475.
Total: 1.947200 ms (FindLiveObjects: 0.241700 ms CreateObjectMapping: 0.061600 ms MarkObjects: 1.477600 ms  DeleteObjects: 0.165000 ms)

AssetImportParameters requested are different than current active one (requested -> active):
  custom:graphics/normal-map-encoding: 01000000000000000000000000000000 -> 02000000000000000000000000000000
========================================================================
Received Prepare
Registering precompiled user dll's ...
Registered in 0.000604 seconds.
Begin MonoManager ReloadAssembly
Native extension for WindowsStandalone target not found
Native extension for WebGL target not found
Refreshing native plugins compatible for Editor in 0.32 ms, found 1 plugins.
Preloading 0 native plugins for Editor in 0.00 ms.
Invoked RoslynAnalysisRunner static constructor.
RoslynAnalysisRunner will not be running.
RoslynAnalysisRunner has terminated.
Mono: successfully reloaded assembly
- Completed reload, in  0.721 seconds
Platform modules already initialized, skipping
Switching build target platform(5) subTarget(0) extendedPlatform(0) -> platform(13) subTarget(537395200) extendedPlatform(0)
Refreshing native plugins compatible for Editor in 0.31 ms, found 1 plugins.
Preloading 0 native plugins for Editor in 0.00 ms.
Unloading 1820 Unused Serialized files (Serialized files now loaded: 0)
System memory in use before: 88.9 MB.
System memory in use after: 88.9 MB.

Unloading 12 unused Assets to reduce memory usage. Loaded Objects now: 2479.
Total: 2.077400 ms (FindLiveObjects: 0.205200 ms CreateObjectMapping: 0.071800 ms MarkObjects: 1.667100 ms  DeleteObjects: 0.132500 ms)

AssetImportParameters requested are different than current active one (requested -> active):
  custom:graphics/normal-map-encoding: 01000000000000000000000000000000 -> 02000000000000000000000000000000
========================================================================
Received Prepare
Registering precompiled user dll's ...
Registered in 0.000548 seconds.
Begin MonoManager ReloadAssembly
Native extension for WindowsStandalone target not found
Native extension for WebGL target not found
Refreshing native plugins compatible for Editor in 0.30 ms, found 1 plugins.
Preloading 0 native plugins for Editor in 0.00 ms.
Invoked RoslynAnalysisRunner static constructor.
RoslynAnalysisRunner will not be running.
RoslynAnalysisRunner has terminated.
Mono: successfully reloaded assembly
- Completed reload, in  0.704 seconds
Platform modules already initialized, skipping
Switching build target platform(5) subTarget(0) extendedPlatform(0) -> platform(13) subTarget(537395200) extendedPlatform(0)
Refreshing native plugins compatible for Editor in 0.29 ms, found 1 plugins.
Preloading 0 native plugins for Editor in 0.00 ms.
Unloading 1820 Unused Serialized files (Serialized files now loaded: 0)
System memory in use before: 88.9 MB.
System memory in use after: 88.9 MB.

Unloading 12 unused Assets to reduce memory usage. Loaded Objects now: 2483.
Total: 1.712100 ms (FindLiveObjects: 0.193500 ms CreateObjectMapping: 0.055800 ms MarkObjects: 1.372500 ms  DeleteObjects: 0.089400 ms)

AssetImportParameters requested are different than current active one (requested -> active):
  custom:graphics/normal-map-encoding: 01000000000000000000000000000000 -> 02000000000000000000000000000000
========================================================================
Received Prepare
Registering precompiled user dll's ...
Registered in 0.000573 seconds.
Begin MonoManager ReloadAssembly
Native extension for WindowsStandalone target not found
Native extension for WebGL target not found
Refreshing native plugins compatible for Editor in 0.35 ms, found 1 plugins.
Preloading 0 native plugins for Editor in 0.00 ms.
Invoked RoslynAnalysisRunner static constructor.
RoslynAnalysisRunner will not be running.
RoslynAnalysisRunner has terminated.
Mono: successfully reloaded assembly
- Completed reload, in  0.709 seconds
Platform modules already initialized, skipping
Switching build target platform(5) subTarget(0) extendedPlatform(0) -> platform(13) subTarget(537395200) extendedPlatform(0)
Refreshing native plugins compatible for Editor in 0.29 ms, found 1 plugins.
Preloading 0 native plugins for Editor in 0.00 ms.
Unloading 1820 Unused Serialized files (Serialized files now loaded: 0)
System memory in use before: 88.9 MB.
System memory in use after: 88.9 MB.

Unloading 12 unused Assets to reduce memory usage. Loaded Objects now: 2487.
Total: 1.786400 ms (FindLiveObjects: 0.188200 ms CreateObjectMapping: 0.067700 ms MarkObjects: 1.403900 ms  DeleteObjects: 0.125800 ms)

AssetImportParameters requested are different than current active one (requested -> active):
  custom:graphics/normal-map-encoding: 01000000000000000000000000000000 -> 02000000000000000000000000000000
========================================================================
Received Import Request.
  Time since last request: 656.713821 seconds.
  path: Assets/Scripts/Player.cs
  artifactKey: Guid(3b0a76e59232d1341acdf5bb1fbb19d8) Importer(815301076,1909f56bfc062723c751e8b465ee728b)
Start importing Assets/Scripts/Player.cs using Guid(3b0a76e59232d1341acdf5bb1fbb19d8) Importer(815301076,1909f56bfc062723c751e8b465ee728b)  -> (artifact id: 'aa4271bad2c0196c7b47808461a845ea') in 0.004319 seconds
  Import took 0.007387 seconds .

========================================================================
Received Import Request.
  Time since last request: 0.551680 seconds.
  path: Assets/Scripts/ScoreManager.cs
  artifactKey: Guid(c01741dd3ad8d2244b7c5ca14e7b7c8e) Importer(815301076,1909f56bfc062723c751e8b465ee728b)
Start importing Assets/Scripts/ScoreManager.cs using Guid(c01741dd3ad8d2244b7c5ca14e7b7c8e) Importer(815301076,1909f56bfc062723c751e8b465ee728b)  -> (artifact id: 'ac4376ee1eb87c165d5a967309341070') in 0.006732 seconds
  Import took 0.010072 seconds .

========================================================================
Received Import Request.
  Time since last request: 0.001565 seconds.
  path: Assets/Scripts/ScoreManager.cs
  artifactKey: Guid(c01741dd3ad8d2244b7c5ca14e7b7c8e) Importer(815301076,1909f56bfc062723c751e8b465ee728b)
Start importing Assets/Scripts/ScoreManager.cs using Guid(c01741dd3ad8d2244b7c5ca14e7b7c8e) Importer(815301076,1909f56bfc062723c751e8b465ee728b)  -> (artifact id: 'ac4376ee1eb87c165d5a967309341070') in 0.001970 seconds
  Import took 0.005398 seconds .

========================================================================
Received Prepare
Registering precompiled user dll's ...
Registered in 0.036590 seconds.
Begin MonoManager ReloadAssembly
Native extension for WindowsStandalone target not found
Native extension for WebGL target not found
Refreshing native plugins compatible for Editor in 0.34 ms, found 1 plugins.
Preloading 0 native plugins for Editor in 0.00 ms.
Invoked RoslynAnalysisRunner static constructor.
RoslynAnalysisRunner will not be running.
RoslynAnalysisRunner has terminated.
Mono: successfully reloaded assembly
- Completed reload, in  0.876 seconds
Platform modules already initialized, skipping
Switching build target platform(5) subTarget(0) extendedPlatform(0) -> platform(13) subTarget(537395200) extendedPlatform(0)
Refreshing native plugins compatible for Editor in 0.30 ms, found 1 plugins.
Preloading 0 native plugins for Editor in 0.00 ms.
Unloading 1820 Unused Serialized files (Serialized files now loaded: 0)
System memory in use before: 88.9 MB.
System memory in use after: 88.9 MB.

Unloading 12 unused Assets to reduce memory usage. Loaded Objects now: 2491.
Total: 2.254500 ms (FindLiveObjects: 0.224900 ms CreateObjectMapping: 0.063400 ms MarkObjects: 1.854800 ms  DeleteObjects: 0.110700 ms)

AssetImportParameters requested are different than current active one (requested -> active):
  custom:graphics/normal-map-encoding: 01000000000000000000000000000000 -> 02000000000000000000000000000000
========================================================================
Received Import Request.
  Time since last request: 13649.899944 seconds.
  path: Assets/Scripts/CameraMovement.cs
  artifactKey: Guid(629cd8acf2a8bb04bbec0e6d1dfe7312) Importer(815301076,1909f56bfc062723c751e8b465ee728b)
Start importing Assets/Scripts/CameraMovement.cs using Guid(629cd8acf2a8bb04bbec0e6d1dfe7312) Importer(815301076,1909f56bfc062723c751e8b465ee728b)  -> (artifact id: '479933f8e01159e40833fbe97fb06df5') in 0.009960 seconds
  Import took 0.013881 seconds .

========================================================================
Received Import Request.
  Time since last request: 0.000596 seconds.
  path: Assets/Scripts/CameraMovement.cs
  artifactKey: Guid(629cd8acf2a8bb04bbec0e6d1dfe7312) Importer(815301076,1909f56bfc062723c751e8b465ee728b)
Start importing Assets/Scripts/CameraMovement.cs using Guid(629cd8acf2a8bb04bbec0e6d1dfe7312) Importer(815301076,1909f56bfc062723c751e8b465ee728b)  -> (artifact id: '479933f8e01159e40833fbe97fb06df5') in 0.002224 seconds
  Import took 0.005635 seconds .

========================================================================
Received Prepare
Registering precompiled user dll's ...
Registered in 0.000640 seconds.
Begin MonoManager ReloadAssembly
Native extension for WindowsStandalone target not found
Native extension for WebGL target not found
Refreshing native plugins compatible for Editor in 0.31 ms, found 1 plugins.
Preloading 0 native plugins for Editor in 0.00 ms.
Invoked RoslynAnalysisRunner static constructor.
RoslynAnalysisRunner will not be running.
RoslynAnalysisRunner has terminated.
Mono: successfully reloaded assembly
- Completed reload, in  0.756 seconds
Platform modules already initialized, skipping
Switching build target platform(5) subTarget(0) extendedPlatform(0) -> platform(13) subTarget(537395200) extendedPlatform(0)
Refreshing native plugins compatible for Editor in 0.31 ms, found 1 plugins.
Preloading 0 native plugins for Editor in 0.00 ms.
Unloading 1820 Unused Serialized files (Serialized files now loaded: 0)
System memory in use before: 88.9 MB.
System memory in use after: 88.9 MB.

Unloading 12 unused Assets to reduce memory usage. Loaded Objects now: 2495.
Total: 2.539400 ms (FindLiveObjects: 0.393200 ms CreateObjectMapping: 0.137900 ms MarkObjects: 1.908600 ms  DeleteObjects: 0.098600 ms)

AssetImportParameters requested are different than current active one (requested -> active):
  custom:graphics/normal-map-encoding: 01000000000000000000000000000000 -> 02000000000000000000000000000000
========================================================================
Received Import Request.
  Time since last request: 20.787407 seconds.
  path: Assets/Scripts/CameraMovement.cs
  artifactKey: Guid(629cd8acf2a8bb04bbec0e6d1dfe7312) Importer(815301076,1909f56bfc062723c751e8b465ee728b)
Start importing Assets/Scripts/CameraMovement.cs using Guid(629cd8acf2a8bb04bbec0e6d1dfe7312) Importer(815301076,1909f56bfc062723c751e8b465ee728b)  -> (artifact id: '4ec38c96ea26a76fe7d9dc26c6d89da4') in 0.003754 seconds
  Import took 0.006620 seconds .

========================================================================
Received Prepare
Registering precompiled user dll's ...
Registered in 0.000847 seconds.
Begin MonoManager ReloadAssembly
Native extension for WindowsStandalone target not found
Native extension for WebGL target not found
Refreshing native plugins compatible for Editor in 0.54 ms, found 1 plugins.
Preloading 0 native plugins for Editor in 0.00 ms.
Invoked RoslynAnalysisRunner static constructor.
RoslynAnalysisRunner will not be running.
RoslynAnalysisRunner has terminated.
Mono: successfully reloaded assembly
- Completed reload, in  0.880 seconds
Platform modules already initialized, skipping
Switching build target platform(5) subTarget(0) extendedPlatform(0) -> platform(13) subTarget(537395200) extendedPlatform(0)
Refreshing native plugins compatible for Editor in 0.32 ms, found 1 plugins.
Preloading 0 native plugins for Editor in 0.00 ms.
Unloading 1820 Unused Serialized files (Serialized files now loaded: 0)
System memory in use before: 88.9 MB.
System memory in use after: 88.9 MB.

Unloading 12 unused Assets to reduce memory usage. Loaded Objects now: 2499.
Total: 2.147500 ms (FindLiveObjects: 0.223700 ms CreateObjectMapping: 0.078700 ms MarkObjects: 1.703100 ms  DeleteObjects: 0.140400 ms)

AssetImportParameters requested are different than current active one (requested -> active):
  custom:graphics/normal-map-encoding: 01000000000000000000000000000000 -> 02000000000000000000000000000000
========================================================================
Received Prepare
Registering precompiled user dll's ...
Registered in 0.000638 seconds.
Begin MonoManager ReloadAssembly
Native extension for WindowsStandalone target not found
Native extension for WebGL target not found
Refreshing native plugins compatible for Editor in 0.30 ms, found 1 plugins.
Preloading 0 native plugins for Editor in 0.00 ms.
Invoked RoslynAnalysisRunner static constructor.
RoslynAnalysisRunner will not be running.
RoslynAnalysisRunner has terminated.
Mono: successfully reloaded assembly
- Completed reload, in  0.749 seconds
Platform modules already initialized, skipping
Switching build target platform(5) subTarget(0) extendedPlatform(0) -> platform(13) subTarget(537395200) extendedPlatform(0)
Refreshing native plugins compatible for Editor in 0.31 ms, found 1 plugins.
Preloading 0 native plugins for Editor in 0.00 ms.
Unloading 1820 Unused Serialized files (Serialized files now loaded: 0)
System memory in use before: 88.9 MB.
System memory in use after: 88.9 MB.

Unloading 12 unused Assets to reduce memory usage. Loaded Objects now: 2503.
Total: 1.673500 ms (FindLiveObjects: 0.194300 ms CreateObjectMapping: 0.067400 ms MarkObjects: 1.317300 ms  DeleteObjects: 0.093300 ms)

AssetImportParameters requested are different than current active one (requested -> active):
  custom:graphics/normal-map-encoding: 01000000000000000000000000000000 -> 02000000000000000000000000000000
AssetImportWorkerClient::OnTransportError - code=2 error=End of file
